<?xml version="1.0" encoding="UTF-8"?>
<testsuite name="LogUtilTest" tests="2" skipped="0" failures="0" errors="0" timestamp="2023-02-16T23:22:14" hostname="Chriss-MacBook-Pro.local" time="0.029">
  <properties/>
  <testcase name="buildLog()" classname="LogUtilTest" time="0.009"/>
  <testcase name="buildLogList_creates_logs()" classname="LogUtilTest" time="0.02"/>
  <system-out><![CDATA[]]></system-out>
  <system-err><![CDATA[]]></system-err>
</testsuite>
