<?xml version="1.0" encoding="UTF-8"?>
<testsuite name="LogUtilTest" tests="2" skipped="0" failures="0" errors="0" timestamp="2023-02-17T00:08:06" hostname="Chriss-MacBook-Pro.local" time="0.05">
  <properties/>
  <testcase name="buildLogList_creates_logs()" classname="LogUtilTest" time="0.047"/>
  <testcase name="buildLog_builds_log_from_string()" classname="LogUtilTest" time="0.003"/>
  <system-out><![CDATA[]]></system-out>
  <system-err><![CDATA[]]></system-err>
</testsuite>
