<?xml version="1.0" encoding="UTF-8"?>
<testsuite name="FileUtilTest" tests="1" skipped="0" failures="0" errors="0" timestamp="2023-02-16T23:22:14" hostname="Chriss-MacBook-Pro.local" time="0.027">
  <properties/>
  <testcase name="readFileToStream_returns_stream()" classname="FileUtilTest" time="0.027"/>
  <system-out><![CDATA[]]></system-out>
  <system-err><![CDATA[]]></system-err>
</testsuite>
